<?xml version="1.0" encoding="UTF-8"?>
<!-- Generated by org.testng.reporters.JUnitXMLReporter -->
<testsuite ignored="0" hostname="Sakthi" failures="0" tests="14" name="MaximizeView" time="50.222" errors="0" timestamp="2025-09-22T19:33:29 IST">
  <testcase classname="PageObjectTest.DemoBlazeTestNG" name="Logintest" time="3.154"/>
  <testcase classname="PageObjectTest.DemoBlazeTestNG" name="invalidUsernameandPwdTest" time="2.499"/>
  <testcase classname="PageObjectTest.DemoBlazeTestNG" name="LoginwithEmptyUserName" time="0.673"/>
  <testcase classname="PageObjectTest.DemoBlazeTestNG" name="GetDataFromExcel" time="0.108"/>
  <testcase classname="PageObjectTest.DemoBlazeTestNG" name="RegisterationFromDB" time="1.621"/>
  <testcase classname="PageObjectTest.DemoBlazeTestNG" name="RegisterWithExistingUser" time="2.189"/>
  <testcase classname="PageObjectTest.DemoBlazeTestNG" name="RegisterWithEmptyField" time="1.139"/>
  <testcase classname="PageObjectTest.DemoBlazeTestNG" name="LoginAfterEmptyRegistration" time="1.497"/>
  <testcase classname="PageObjectTest.DemoBlazeTestNG" name="AddSingleProducttocart" time="6.332"/>
  <testcase classname="PageObjectTest.DemoBlazeTestNG" name="RemoveProductFromCart" time="1.767"/>
  <testcase classname="PageObjectTest.DemoBlazeTestNG" name="AddMultipleProdToCart" time="4.798"/>
  <testcase classname="PageObjectTest.DemoBlazeTestNG" name="PlaceOrderWithValidDetails" time="10.961"/>
  <testcase classname="PageObjectTest.DemoBlazeTestNG" name="BrowseProductCatalog" time="3.062"/>
  <testcase classname="PageObjectTest.DemoBlazeTestNG" name="navigationTest" time="4.57"/>
</testsuite> <!-- MaximizeView -->
