<?xml version="1.0" encoding="UTF-8"?>
<!-- Generated by org.testng.reporters.JUnitXMLReporter -->
<testsuite ignored="0" hostname="Sakthi" failures="0" tests="13" name="MaximizeView" time="49.085" errors="0" timestamp="2025-09-23T19:00:08 IST">
  <testcase classname="PageObjectTest.DemoBlazeTestNG" name="Logintest" time="2.601"/>
  <testcase classname="PageObjectTest.DemoBlazeTestNG" name="invalidUsernameandPwdTest" time="2.588"/>
  <testcase classname="PageObjectTest.DemoBlazeTestNG" name="LoginwithEmptyUserName" time="0.669"/>
  <testcase classname="PageObjectTest.DemoBlazeTestNG" name="RegisterationFromDB" time="1.725"/>
  <testcase classname="PageObjectTest.DemoBlazeTestNG" name="RegisterWithExistingUser" time="2.04"/>
  <testcase classname="PageObjectTest.DemoBlazeTestNG" name="RegisterWithEmptyField" time="0.973"/>
  <testcase classname="PageObjectTest.DemoBlazeTestNG" name="LoginAfterEmptyRegistration" time="1.517"/>
  <testcase classname="PageObjectTest.DemoBlazeTestNG" name="AddSingleProducttocart" time="5.944"/>
  <testcase classname="PageObjectTest.DemoBlazeTestNG" name="RemoveProductFromCart" time="1.761"/>
  <testcase classname="PageObjectTest.DemoBlazeTestNG" name="AddMultipleProdToCart" time="5.074"/>
  <testcase classname="PageObjectTest.DemoBlazeTestNG" name="PlaceOrderWithValidDetails" time="11.13"/>
  <testcase classname="PageObjectTest.DemoBlazeTestNG" name="BrowseProductCatalog" time="2.928"/>
  <testcase classname="PageObjectTest.DemoBlazeTestNG" name="navigationTest" time="4.607"/>
</testsuite> <!-- MaximizeView -->
