<?xml version="1.0" encoding="UTF-8"?>
<!-- Generated by org.testng.reporters.JUnitXMLReporter -->
<testsuite ignored="0" hostname="Sakthi" failures="0" tests="13" name="MobileView" time="48.843" errors="0" timestamp="2025-09-23T18:59:19 IST">
  <testcase classname="PageObjectTest.DemoBlazeTestNG" name="Logintest" time="2.545"/>
  <testcase classname="PageObjectTest.DemoBlazeTestNG" name="invalidUsernameandPwdTest" time="2.538"/>
  <testcase classname="PageObjectTest.DemoBlazeTestNG" name="LoginwithEmptyUserName" time="0.587"/>
  <testcase classname="PageObjectTest.DemoBlazeTestNG" name="RegisterationFromDB" time="1.683"/>
  <testcase classname="PageObjectTest.DemoBlazeTestNG" name="RegisterWithExistingUser" time="2.135"/>
  <testcase classname="PageObjectTest.DemoBlazeTestNG" name="RegisterWithEmptyField" time="0.934"/>
  <testcase classname="PageObjectTest.DemoBlazeTestNG" name="LoginAfterEmptyRegistration" time="1.451"/>
  <testcase classname="PageObjectTest.DemoBlazeTestNG" name="AddSingleProducttocart" time="6.22"/>
  <testcase classname="PageObjectTest.DemoBlazeTestNG" name="RemoveProductFromCart" time="2.037"/>
  <testcase classname="PageObjectTest.DemoBlazeTestNG" name="AddMultipleProdToCart" time="4.896"/>
  <testcase classname="PageObjectTest.DemoBlazeTestNG" name="PlaceOrderWithValidDetails" time="10.872"/>
  <testcase classname="PageObjectTest.DemoBlazeTestNG" name="BrowseProductCatalog" time="2.972"/>
  <testcase classname="PageObjectTest.DemoBlazeTestNG" name="navigationTest" time="4.578"/>
</testsuite> <!-- MobileView -->
