<?xml version="1.0" encoding="UTF-8"?>
<!-- Generated by org.testng.reporters.JUnitXMLReporter -->
<testsuite ignored="0" hostname="Sakthi" failures="0" tests="13" name="TabletView" time="52.223" errors="0" timestamp="2025-09-23T18:58:30 IST">
  <testcase classname="PageObjectTest.DemoBlazeTestNG" name="Logintest" time="3.293"/>
  <testcase classname="PageObjectTest.DemoBlazeTestNG" name="invalidUsernameandPwdTest" time="2.577"/>
  <testcase classname="PageObjectTest.DemoBlazeTestNG" name="LoginwithEmptyUserName" time="0.664"/>
  <testcase classname="PageObjectTest.DemoBlazeTestNG" name="RegisterationFromDB" time="2.553"/>
  <testcase classname="PageObjectTest.DemoBlazeTestNG" name="RegisterWithExistingUser" time="2.091"/>
  <testcase classname="PageObjectTest.DemoBlazeTestNG" name="RegisterWithEmptyField" time="1.1"/>
  <testcase classname="PageObjectTest.DemoBlazeTestNG" name="LoginAfterEmptyRegistration" time="1.527"/>
  <testcase classname="PageObjectTest.DemoBlazeTestNG" name="AddSingleProducttocart" time="6.249"/>
  <testcase classname="PageObjectTest.DemoBlazeTestNG" name="RemoveProductFromCart" time="1.835"/>
  <testcase classname="PageObjectTest.DemoBlazeTestNG" name="AddMultipleProdToCart" time="4.753"/>
  <testcase classname="PageObjectTest.DemoBlazeTestNG" name="PlaceOrderWithValidDetails" time="11.206"/>
  <testcase classname="PageObjectTest.DemoBlazeTestNG" name="BrowseProductCatalog" time="3.123"/>
  <testcase classname="PageObjectTest.DemoBlazeTestNG" name="navigationTest" time="4.618"/>
</testsuite> <!-- TabletView -->
