<?xml version="1.0" encoding="UTF-8"?>
<testng-results ignored="0" total="39" passed="39" failed="0" skipped="0">
  <reporter-output>
  </reporter-output>
  <suite started-at="2025-09-23T18:57:38 IST" name="DemoBlazeSuite" finished-at="2025-09-23T19:00:08 IST" duration-ms="150695">
    <groups>
    </groups>
    <test started-at="2025-09-23T18:57:38 IST" name="TabletView" finished-at="2025-09-23T18:58:30 IST" duration-ms="52223">
      <class name="PageObjectTest.DemoBlazeTestNG">
        <test-method is-config="true" signature="launchChromeBrowser(java.lang.String)[pri:0, instance:PageObjectTest.DemoBlazeTestNG@5e5d171f]" started-at="2025-09-23T18:57:38 IST" name="launchChromeBrowser" finished-at="2025-09-23T18:57:40 IST" duration-ms="1882" status="PASS">
          <params>
            <param index="0">
              <value>
                <![CDATA[TABLET]]>
              </value>
            </param>
          </params>
          <reporter-output>
          </reporter-output>
        </test-method> <!-- launchChromeBrowser -->
        <test-method is-config="true" signature="getUrl()[pri:0, instance:PageObjectTest.DemoBlazeTestNG@5e5d171f]" started-at="2025-09-23T18:57:40 IST" name="getUrl" finished-at="2025-09-23T18:57:41 IST" duration-ms="1466" status="PASS">
          <reporter-output>
          </reporter-output>
        </test-method> <!-- getUrl -->
        <test-method signature="Logintest()[pri:0, instance:PageObjectTest.DemoBlazeTestNG@5e5d171f]" started-at="2025-09-23T18:57:41 IST" name="Logintest" finished-at="2025-09-23T18:57:45 IST" duration-ms="3293" status="PASS">
          <reporter-output>
          </reporter-output>
        </test-method> <!-- Logintest -->
        <test-method is-config="true" signature="getUrl()[pri:0, instance:PageObjectTest.DemoBlazeTestNG@5e5d171f]" started-at="2025-09-23T18:57:45 IST" name="getUrl" finished-at="2025-09-23T18:57:45 IST" duration-ms="83" status="PASS">
          <reporter-output>
          </reporter-output>
        </test-method> <!-- getUrl -->
        <test-method signature="invalidUsernameandPwdTest()[pri:1, instance:PageObjectTest.DemoBlazeTestNG@5e5d171f]" started-at="2025-09-23T18:57:45 IST" name="invalidUsernameandPwdTest" finished-at="2025-09-23T18:57:47 IST" duration-ms="2577" status="PASS">
          <reporter-output>
          </reporter-output>
        </test-method> <!-- invalidUsernameandPwdTest -->
        <test-method is-config="true" signature="getUrl()[pri:0, instance:PageObjectTest.DemoBlazeTestNG@5e5d171f]" started-at="2025-09-23T18:57:47 IST" name="getUrl" finished-at="2025-09-23T18:57:47 IST" duration-ms="68" status="PASS">
          <reporter-output>
          </reporter-output>
        </test-method> <!-- getUrl -->
        <test-method signature="LoginwithEmptyUserName()[pri:2, instance:PageObjectTest.DemoBlazeTestNG@5e5d171f]" started-at="2025-09-23T18:57:47 IST" name="LoginwithEmptyUserName" finished-at="2025-09-23T18:57:48 IST" duration-ms="664" status="PASS">
          <reporter-output>
          </reporter-output>
        </test-method> <!-- LoginwithEmptyUserName -->
        <test-method is-config="true" signature="getUrl()[pri:0, instance:PageObjectTest.DemoBlazeTestNG@5e5d171f]" started-at="2025-09-23T18:57:48 IST" name="getUrl" finished-at="2025-09-23T18:57:48 IST" duration-ms="65" status="PASS">
          <reporter-output>
          </reporter-output>
        </test-method> <!-- getUrl -->
        <test-method signature="RegisterationFromDB()[pri:3, instance:PageObjectTest.DemoBlazeTestNG@5e5d171f]" started-at="2025-09-23T18:57:48 IST" name="RegisterationFromDB" finished-at="2025-09-23T18:57:51 IST" duration-ms="2553" status="PASS">
          <reporter-output>
          </reporter-output>
        </test-method> <!-- RegisterationFromDB -->
        <test-method is-config="true" signature="getUrl()[pri:0, instance:PageObjectTest.DemoBlazeTestNG@5e5d171f]" started-at="2025-09-23T18:57:51 IST" name="getUrl" finished-at="2025-09-23T18:57:51 IST" duration-ms="366" status="PASS">
          <reporter-output>
          </reporter-output>
        </test-method> <!-- getUrl -->
        <test-method signature="RegisterWithExistingUser()[pri:4, instance:PageObjectTest.DemoBlazeTestNG@5e5d171f]" started-at="2025-09-23T18:57:51 IST" name="RegisterWithExistingUser" finished-at="2025-09-23T18:57:53 IST" duration-ms="2091" status="PASS">
          <reporter-output>
          </reporter-output>
        </test-method> <!-- RegisterWithExistingUser -->
        <test-method is-config="true" signature="getUrl()[pri:0, instance:PageObjectTest.DemoBlazeTestNG@5e5d171f]" started-at="2025-09-23T18:57:53 IST" name="getUrl" finished-at="2025-09-23T18:57:54 IST" duration-ms="606" status="PASS">
          <reporter-output>
          </reporter-output>
        </test-method> <!-- getUrl -->
        <test-method signature="RegisterWithEmptyField()[pri:5, instance:PageObjectTest.DemoBlazeTestNG@5e5d171f]" started-at="2025-09-23T18:57:54 IST" name="RegisterWithEmptyField" finished-at="2025-09-23T18:57:55 IST" duration-ms="1100" status="PASS">
          <reporter-output>
          </reporter-output>
        </test-method> <!-- RegisterWithEmptyField -->
        <test-method is-config="true" signature="getUrl()[pri:0, instance:PageObjectTest.DemoBlazeTestNG@5e5d171f]" started-at="2025-09-23T18:57:55 IST" name="getUrl" finished-at="2025-09-23T18:57:55 IST" duration-ms="53" status="PASS">
          <reporter-output>
          </reporter-output>
        </test-method> <!-- getUrl -->
        <test-method signature="LoginAfterEmptyRegistration()[pri:6, instance:PageObjectTest.DemoBlazeTestNG@5e5d171f]" started-at="2025-09-23T18:57:55 IST" name="LoginAfterEmptyRegistration" finished-at="2025-09-23T18:57:56 IST" depends-on-methods="PageObjectTest.DemoBlazeTestNG.RegisterWithEmptyField" duration-ms="1527" status="PASS">
          <reporter-output>
          </reporter-output>
        </test-method> <!-- LoginAfterEmptyRegistration -->
        <test-method is-config="true" signature="getUrl()[pri:0, instance:PageObjectTest.DemoBlazeTestNG@5e5d171f]" started-at="2025-09-23T18:57:56 IST" name="getUrl" finished-at="2025-09-23T18:57:57 IST" duration-ms="41" status="PASS">
          <reporter-output>
          </reporter-output>
        </test-method> <!-- getUrl -->
        <test-method signature="AddSingleProducttocart()[pri:7, instance:PageObjectTest.DemoBlazeTestNG@5e5d171f]" started-at="2025-09-23T18:57:57 IST" name="AddSingleProducttocart" finished-at="2025-09-23T18:58:03 IST" duration-ms="6249" status="PASS">
          <reporter-output>
          </reporter-output>
        </test-method> <!-- AddSingleProducttocart -->
        <test-method is-config="true" signature="getUrl()[pri:0, instance:PageObjectTest.DemoBlazeTestNG@5e5d171f]" started-at="2025-09-23T18:58:03 IST" name="getUrl" finished-at="2025-09-23T18:58:03 IST" duration-ms="77" status="PASS">
          <reporter-output>
          </reporter-output>
        </test-method> <!-- getUrl -->
        <test-method signature="RemoveProductFromCart()[pri:8, instance:PageObjectTest.DemoBlazeTestNG@5e5d171f]" started-at="2025-09-23T18:58:03 IST" name="RemoveProductFromCart" finished-at="2025-09-23T18:58:05 IST" duration-ms="1835" status="PASS">
          <reporter-output>
          </reporter-output>
        </test-method> <!-- RemoveProductFromCart -->
        <test-method is-config="true" signature="getUrl()[pri:0, instance:PageObjectTest.DemoBlazeTestNG@5e5d171f]" started-at="2025-09-23T18:58:05 IST" name="getUrl" finished-at="2025-09-23T18:58:05 IST" duration-ms="419" status="PASS">
          <reporter-output>
          </reporter-output>
        </test-method> <!-- getUrl -->
        <test-method signature="AddMultipleProdToCart()[pri:9, instance:PageObjectTest.DemoBlazeTestNG@5e5d171f]" started-at="2025-09-23T18:58:05 IST" name="AddMultipleProdToCart" finished-at="2025-09-23T18:58:10 IST" duration-ms="4753" status="PASS">
          <reporter-output>
          </reporter-output>
        </test-method> <!-- AddMultipleProdToCart -->
        <test-method is-config="true" signature="getUrl()[pri:0, instance:PageObjectTest.DemoBlazeTestNG@5e5d171f]" started-at="2025-09-23T18:58:10 IST" name="getUrl" finished-at="2025-09-23T18:58:10 IST" duration-ms="358" status="PASS">
          <reporter-output>
          </reporter-output>
        </test-method> <!-- getUrl -->
        <test-method signature="PlaceOrderWithValidDetails()[pri:10, instance:PageObjectTest.DemoBlazeTestNG@5e5d171f]" started-at="2025-09-23T18:58:10 IST" name="PlaceOrderWithValidDetails" finished-at="2025-09-23T18:58:21 IST" duration-ms="11206" status="PASS">
          <reporter-output>
          </reporter-output>
        </test-method> <!-- PlaceOrderWithValidDetails -->
        <test-method is-config="true" signature="getUrl()[pri:0, instance:PageObjectTest.DemoBlazeTestNG@5e5d171f]" started-at="2025-09-23T18:58:21 IST" name="getUrl" finished-at="2025-09-23T18:58:22 IST" duration-ms="367" status="PASS">
          <reporter-output>
          </reporter-output>
        </test-method> <!-- getUrl -->
        <test-method signature="BrowseProductCatalog()[pri:11, instance:PageObjectTest.DemoBlazeTestNG@5e5d171f]" started-at="2025-09-23T18:58:22 IST" name="BrowseProductCatalog" finished-at="2025-09-23T18:58:25 IST" duration-ms="3123" status="PASS">
          <reporter-output>
          </reporter-output>
        </test-method> <!-- BrowseProductCatalog -->
        <test-method is-config="true" signature="getUrl()[pri:0, instance:PageObjectTest.DemoBlazeTestNG@5e5d171f]" started-at="2025-09-23T18:58:25 IST" name="getUrl" finished-at="2025-09-23T18:58:25 IST" duration-ms="86" status="PASS">
          <reporter-output>
          </reporter-output>
        </test-method> <!-- getUrl -->
        <test-method signature="navigationTest()[pri:12, instance:PageObjectTest.DemoBlazeTestNG@5e5d171f]" started-at="2025-09-23T18:58:25 IST" name="navigationTest" finished-at="2025-09-23T18:58:30 IST" duration-ms="4618" status="PASS">
          <reporter-output>
          </reporter-output>
        </test-method> <!-- navigationTest -->
        <test-method is-config="true" signature="closeBrowser()[pri:0, instance:PageObjectTest.DemoBlazeTestNG@5e5d171f]" started-at="2025-09-23T18:58:30 IST" name="closeBrowser" finished-at="2025-09-23T18:58:30 IST" duration-ms="252" status="PASS">
          <reporter-output>
          </reporter-output>
        </test-method> <!-- closeBrowser -->
      </class> <!-- PageObjectTest.DemoBlazeTestNG -->
    </test> <!-- TabletView -->
    <test started-at="2025-09-23T18:58:30 IST" name="MobileView" finished-at="2025-09-23T18:59:19 IST" duration-ms="48843">
      <class name="PageObjectTest.DemoBlazeTestNG">
        <test-method is-config="true" signature="launchChromeBrowser(java.lang.String)[pri:0, instance:PageObjectTest.DemoBlazeTestNG@6db9f5a4]" started-at="2025-09-23T18:58:30 IST" name="launchChromeBrowser" finished-at="2025-09-23T18:58:32 IST" duration-ms="1218" status="PASS">
          <params>
            <param index="0">
              <value>
                <![CDATA[MOBILE]]>
              </value>
            </param>
          </params>
          <reporter-output>
          </reporter-output>
        </test-method> <!-- launchChromeBrowser -->
        <test-method is-config="true" signature="getUrl()[pri:0, instance:PageObjectTest.DemoBlazeTestNG@6db9f5a4]" started-at="2025-09-23T18:58:32 IST" name="getUrl" finished-at="2025-09-23T18:58:33 IST" duration-ms="1080" status="PASS">
          <reporter-output>
          </reporter-output>
        </test-method> <!-- getUrl -->
        <test-method signature="Logintest()[pri:0, instance:PageObjectTest.DemoBlazeTestNG@6db9f5a4]" started-at="2025-09-23T18:58:33 IST" name="Logintest" finished-at="2025-09-23T18:58:35 IST" duration-ms="2545" status="PASS">
          <reporter-output>
          </reporter-output>
        </test-method> <!-- Logintest -->
        <test-method is-config="true" signature="getUrl()[pri:0, instance:PageObjectTest.DemoBlazeTestNG@6db9f5a4]" started-at="2025-09-23T18:58:35 IST" name="getUrl" finished-at="2025-09-23T18:58:35 IST" duration-ms="82" status="PASS">
          <reporter-output>
          </reporter-output>
        </test-method> <!-- getUrl -->
        <test-method signature="invalidUsernameandPwdTest()[pri:1, instance:PageObjectTest.DemoBlazeTestNG@6db9f5a4]" started-at="2025-09-23T18:58:35 IST" name="invalidUsernameandPwdTest" finished-at="2025-09-23T18:58:38 IST" duration-ms="2538" status="PASS">
          <reporter-output>
          </reporter-output>
        </test-method> <!-- invalidUsernameandPwdTest -->
        <test-method is-config="true" signature="getUrl()[pri:0, instance:PageObjectTest.DemoBlazeTestNG@6db9f5a4]" started-at="2025-09-23T18:58:38 IST" name="getUrl" finished-at="2025-09-23T18:58:38 IST" duration-ms="66" status="PASS">
          <reporter-output>
          </reporter-output>
        </test-method> <!-- getUrl -->
        <test-method signature="LoginwithEmptyUserName()[pri:2, instance:PageObjectTest.DemoBlazeTestNG@6db9f5a4]" started-at="2025-09-23T18:58:38 IST" name="LoginwithEmptyUserName" finished-at="2025-09-23T18:58:38 IST" duration-ms="587" status="PASS">
          <reporter-output>
          </reporter-output>
        </test-method> <!-- LoginwithEmptyUserName -->
        <test-method is-config="true" signature="getUrl()[pri:0, instance:PageObjectTest.DemoBlazeTestNG@6db9f5a4]" started-at="2025-09-23T18:58:38 IST" name="getUrl" finished-at="2025-09-23T18:58:39 IST" duration-ms="54" status="PASS">
          <reporter-output>
          </reporter-output>
        </test-method> <!-- getUrl -->
        <test-method signature="RegisterationFromDB()[pri:3, instance:PageObjectTest.DemoBlazeTestNG@6db9f5a4]" started-at="2025-09-23T18:58:39 IST" name="RegisterationFromDB" finished-at="2025-09-23T18:58:40 IST" duration-ms="1683" status="PASS">
          <reporter-output>
          </reporter-output>
        </test-method> <!-- RegisterationFromDB -->
        <test-method is-config="true" signature="getUrl()[pri:0, instance:PageObjectTest.DemoBlazeTestNG@6db9f5a4]" started-at="2025-09-23T18:58:40 IST" name="getUrl" finished-at="2025-09-23T18:58:41 IST" duration-ms="359" status="PASS">
          <reporter-output>
          </reporter-output>
        </test-method> <!-- getUrl -->
        <test-method signature="RegisterWithExistingUser()[pri:4, instance:PageObjectTest.DemoBlazeTestNG@6db9f5a4]" started-at="2025-09-23T18:58:41 IST" name="RegisterWithExistingUser" finished-at="2025-09-23T18:58:43 IST" duration-ms="2135" status="PASS">
          <reporter-output>
          </reporter-output>
        </test-method> <!-- RegisterWithExistingUser -->
        <test-method is-config="true" signature="getUrl()[pri:0, instance:PageObjectTest.DemoBlazeTestNG@6db9f5a4]" started-at="2025-09-23T18:58:43 IST" name="getUrl" finished-at="2025-09-23T18:58:43 IST" duration-ms="344" status="PASS">
          <reporter-output>
          </reporter-output>
        </test-method> <!-- getUrl -->
        <test-method signature="RegisterWithEmptyField()[pri:5, instance:PageObjectTest.DemoBlazeTestNG@6db9f5a4]" started-at="2025-09-23T18:58:43 IST" name="RegisterWithEmptyField" finished-at="2025-09-23T18:58:44 IST" duration-ms="934" status="PASS">
          <reporter-output>
          </reporter-output>
        </test-method> <!-- RegisterWithEmptyField -->
        <test-method is-config="true" signature="getUrl()[pri:0, instance:PageObjectTest.DemoBlazeTestNG@6db9f5a4]" started-at="2025-09-23T18:58:44 IST" name="getUrl" finished-at="2025-09-23T18:58:44 IST" duration-ms="325" status="PASS">
          <reporter-output>
          </reporter-output>
        </test-method> <!-- getUrl -->
        <test-method signature="LoginAfterEmptyRegistration()[pri:6, instance:PageObjectTest.DemoBlazeTestNG@6db9f5a4]" started-at="2025-09-23T18:58:44 IST" name="LoginAfterEmptyRegistration" finished-at="2025-09-23T18:58:46 IST" depends-on-methods="PageObjectTest.DemoBlazeTestNG.RegisterWithEmptyField" duration-ms="1451" status="PASS">
          <reporter-output>
          </reporter-output>
        </test-method> <!-- LoginAfterEmptyRegistration -->
        <test-method is-config="true" signature="getUrl()[pri:0, instance:PageObjectTest.DemoBlazeTestNG@6db9f5a4]" started-at="2025-09-23T18:58:46 IST" name="getUrl" finished-at="2025-09-23T18:58:46 IST" duration-ms="61" status="PASS">
          <reporter-output>
          </reporter-output>
        </test-method> <!-- getUrl -->
        <test-method signature="AddSingleProducttocart()[pri:7, instance:PageObjectTest.DemoBlazeTestNG@6db9f5a4]" started-at="2025-09-23T18:58:46 IST" name="AddSingleProducttocart" finished-at="2025-09-23T18:58:52 IST" duration-ms="6220" status="PASS">
          <reporter-output>
          </reporter-output>
        </test-method> <!-- AddSingleProducttocart -->
        <test-method is-config="true" signature="getUrl()[pri:0, instance:PageObjectTest.DemoBlazeTestNG@6db9f5a4]" started-at="2025-09-23T18:58:52 IST" name="getUrl" finished-at="2025-09-23T18:58:52 IST" duration-ms="370" status="PASS">
          <reporter-output>
          </reporter-output>
        </test-method> <!-- getUrl -->
        <test-method signature="RemoveProductFromCart()[pri:8, instance:PageObjectTest.DemoBlazeTestNG@6db9f5a4]" started-at="2025-09-23T18:58:52 IST" name="RemoveProductFromCart" finished-at="2025-09-23T18:58:54 IST" duration-ms="2037" status="PASS">
          <reporter-output>
          </reporter-output>
        </test-method> <!-- RemoveProductFromCart -->
        <test-method is-config="true" signature="getUrl()[pri:0, instance:PageObjectTest.DemoBlazeTestNG@6db9f5a4]" started-at="2025-09-23T18:58:54 IST" name="getUrl" finished-at="2025-09-23T18:58:55 IST" duration-ms="337" status="PASS">
          <reporter-output>
          </reporter-output>
        </test-method> <!-- getUrl -->
        <test-method signature="AddMultipleProdToCart()[pri:9, instance:PageObjectTest.DemoBlazeTestNG@6db9f5a4]" started-at="2025-09-23T18:58:55 IST" name="AddMultipleProdToCart" finished-at="2025-09-23T18:59:00 IST" duration-ms="4896" status="PASS">
          <reporter-output>
          </reporter-output>
        </test-method> <!-- AddMultipleProdToCart -->
        <test-method is-config="true" signature="getUrl()[pri:0, instance:PageObjectTest.DemoBlazeTestNG@6db9f5a4]" started-at="2025-09-23T18:59:00 IST" name="getUrl" finished-at="2025-09-23T18:59:00 IST" duration-ms="363" status="PASS">
          <reporter-output>
          </reporter-output>
        </test-method> <!-- getUrl -->
        <test-method signature="PlaceOrderWithValidDetails()[pri:10, instance:PageObjectTest.DemoBlazeTestNG@6db9f5a4]" started-at="2025-09-23T18:59:00 IST" name="PlaceOrderWithValidDetails" finished-at="2025-09-23T18:59:11 IST" duration-ms="10872" status="PASS">
          <reporter-output>
          </reporter-output>
        </test-method> <!-- PlaceOrderWithValidDetails -->
        <test-method is-config="true" signature="getUrl()[pri:0, instance:PageObjectTest.DemoBlazeTestNG@6db9f5a4]" started-at="2025-09-23T18:59:11 IST" name="getUrl" finished-at="2025-09-23T18:59:11 IST" duration-ms="398" status="PASS">
          <reporter-output>
          </reporter-output>
        </test-method> <!-- getUrl -->
        <test-method signature="BrowseProductCatalog()[pri:11, instance:PageObjectTest.DemoBlazeTestNG@6db9f5a4]" started-at="2025-09-23T18:59:11 IST" name="BrowseProductCatalog" finished-at="2025-09-23T18:59:14 IST" duration-ms="2972" status="PASS">
          <reporter-output>
          </reporter-output>
        </test-method> <!-- BrowseProductCatalog -->
        <test-method is-config="true" signature="getUrl()[pri:0, instance:PageObjectTest.DemoBlazeTestNG@6db9f5a4]" started-at="2025-09-23T18:59:14 IST" name="getUrl" finished-at="2025-09-23T18:59:14 IST" duration-ms="91" status="PASS">
          <reporter-output>
          </reporter-output>
        </test-method> <!-- getUrl -->
        <test-method signature="navigationTest()[pri:12, instance:PageObjectTest.DemoBlazeTestNG@6db9f5a4]" started-at="2025-09-23T18:59:14 IST" name="navigationTest" finished-at="2025-09-23T18:59:19 IST" duration-ms="4578" status="PASS">
          <reporter-output>
          </reporter-output>
        </test-method> <!-- navigationTest -->
        <test-method is-config="true" signature="closeBrowser()[pri:0, instance:PageObjectTest.DemoBlazeTestNG@6db9f5a4]" started-at="2025-09-23T18:59:19 IST" name="closeBrowser" finished-at="2025-09-23T18:59:19 IST" duration-ms="219" status="PASS">
          <reporter-output>
          </reporter-output>
        </test-method> <!-- closeBrowser -->
      </class> <!-- PageObjectTest.DemoBlazeTestNG -->
    </test> <!-- MobileView -->
    <test started-at="2025-09-23T18:59:19 IST" name="MaximizeView" finished-at="2025-09-23T19:00:08 IST" duration-ms="49085">
      <class name="PageObjectTest.DemoBlazeTestNG">
        <test-method is-config="true" signature="launchChromeBrowser(java.lang.String)[pri:0, instance:PageObjectTest.DemoBlazeTestNG@7b02881e]" started-at="2025-09-23T18:59:19 IST" name="launchChromeBrowser" finished-at="2025-09-23T18:59:20 IST" duration-ms="833" status="PASS">
          <params>
            <param index="0">
              <value>
                <![CDATA[MAXIMIZE]]>
              </value>
            </param>
          </params>
          <reporter-output>
          </reporter-output>
        </test-method> <!-- launchChromeBrowser -->
        <test-method is-config="true" signature="getUrl()[pri:0, instance:PageObjectTest.DemoBlazeTestNG@7b02881e]" started-at="2025-09-23T18:59:20 IST" name="getUrl" finished-at="2025-09-23T18:59:21 IST" duration-ms="1263" status="PASS">
          <reporter-output>
          </reporter-output>
        </test-method> <!-- getUrl -->
        <test-method signature="Logintest()[pri:0, instance:PageObjectTest.DemoBlazeTestNG@7b02881e]" started-at="2025-09-23T18:59:21 IST" name="Logintest" finished-at="2025-09-23T18:59:24 IST" duration-ms="2601" status="PASS">
          <reporter-output>
          </reporter-output>
        </test-method> <!-- Logintest -->
        <test-method is-config="true" signature="getUrl()[pri:0, instance:PageObjectTest.DemoBlazeTestNG@7b02881e]" started-at="2025-09-23T18:59:24 IST" name="getUrl" finished-at="2025-09-23T18:59:24 IST" duration-ms="85" status="PASS">
          <reporter-output>
          </reporter-output>
        </test-method> <!-- getUrl -->
        <test-method signature="invalidUsernameandPwdTest()[pri:1, instance:PageObjectTest.DemoBlazeTestNG@7b02881e]" started-at="2025-09-23T18:59:24 IST" name="invalidUsernameandPwdTest" finished-at="2025-09-23T18:59:27 IST" duration-ms="2588" status="PASS">
          <reporter-output>
          </reporter-output>
        </test-method> <!-- invalidUsernameandPwdTest -->
        <test-method is-config="true" signature="getUrl()[pri:0, instance:PageObjectTest.DemoBlazeTestNG@7b02881e]" started-at="2025-09-23T18:59:27 IST" name="getUrl" finished-at="2025-09-23T18:59:27 IST" duration-ms="48" status="PASS">
          <reporter-output>
          </reporter-output>
        </test-method> <!-- getUrl -->
        <test-method signature="LoginwithEmptyUserName()[pri:2, instance:PageObjectTest.DemoBlazeTestNG@7b02881e]" started-at="2025-09-23T18:59:27 IST" name="LoginwithEmptyUserName" finished-at="2025-09-23T18:59:27 IST" duration-ms="669" status="PASS">
          <reporter-output>
          </reporter-output>
        </test-method> <!-- LoginwithEmptyUserName -->
        <test-method is-config="true" signature="getUrl()[pri:0, instance:PageObjectTest.DemoBlazeTestNG@7b02881e]" started-at="2025-09-23T18:59:27 IST" name="getUrl" finished-at="2025-09-23T18:59:28 IST" duration-ms="344" status="PASS">
          <reporter-output>
          </reporter-output>
        </test-method> <!-- getUrl -->
        <test-method signature="RegisterationFromDB()[pri:3, instance:PageObjectTest.DemoBlazeTestNG@7b02881e]" started-at="2025-09-23T18:59:28 IST" name="RegisterationFromDB" finished-at="2025-09-23T18:59:29 IST" duration-ms="1725" status="PASS">
          <reporter-output>
          </reporter-output>
        </test-method> <!-- RegisterationFromDB -->
        <test-method is-config="true" signature="getUrl()[pri:0, instance:PageObjectTest.DemoBlazeTestNG@7b02881e]" started-at="2025-09-23T18:59:29 IST" name="getUrl" finished-at="2025-09-23T18:59:30 IST" duration-ms="90" status="PASS">
          <reporter-output>
          </reporter-output>
        </test-method> <!-- getUrl -->
        <test-method signature="RegisterWithExistingUser()[pri:4, instance:PageObjectTest.DemoBlazeTestNG@7b02881e]" started-at="2025-09-23T18:59:30 IST" name="RegisterWithExistingUser" finished-at="2025-09-23T18:59:32 IST" duration-ms="2040" status="PASS">
          <reporter-output>
          </reporter-output>
        </test-method> <!-- RegisterWithExistingUser -->
        <test-method is-config="true" signature="getUrl()[pri:0, instance:PageObjectTest.DemoBlazeTestNG@7b02881e]" started-at="2025-09-23T18:59:32 IST" name="getUrl" finished-at="2025-09-23T18:59:32 IST" duration-ms="618" status="PASS">
          <reporter-output>
          </reporter-output>
        </test-method> <!-- getUrl -->
        <test-method signature="RegisterWithEmptyField()[pri:5, instance:PageObjectTest.DemoBlazeTestNG@7b02881e]" started-at="2025-09-23T18:59:32 IST" name="RegisterWithEmptyField" finished-at="2025-09-23T18:59:33 IST" duration-ms="973" status="PASS">
          <reporter-output>
          </reporter-output>
        </test-method> <!-- RegisterWithEmptyField -->
        <test-method is-config="true" signature="getUrl()[pri:0, instance:PageObjectTest.DemoBlazeTestNG@7b02881e]" started-at="2025-09-23T18:59:33 IST" name="getUrl" finished-at="2025-09-23T18:59:34 IST" duration-ms="401" status="PASS">
          <reporter-output>
          </reporter-output>
        </test-method> <!-- getUrl -->
        <test-method signature="LoginAfterEmptyRegistration()[pri:6, instance:PageObjectTest.DemoBlazeTestNG@7b02881e]" started-at="2025-09-23T18:59:34 IST" name="LoginAfterEmptyRegistration" finished-at="2025-09-23T18:59:35 IST" depends-on-methods="PageObjectTest.DemoBlazeTestNG.RegisterWithEmptyField" duration-ms="1517" status="PASS">
          <reporter-output>
          </reporter-output>
        </test-method> <!-- LoginAfterEmptyRegistration -->
        <test-method is-config="true" signature="getUrl()[pri:0, instance:PageObjectTest.DemoBlazeTestNG@7b02881e]" started-at="2025-09-23T18:59:35 IST" name="getUrl" finished-at="2025-09-23T18:59:35 IST" duration-ms="145" status="PASS">
          <reporter-output>
          </reporter-output>
        </test-method> <!-- getUrl -->
        <test-method signature="AddSingleProducttocart()[pri:7, instance:PageObjectTest.DemoBlazeTestNG@7b02881e]" started-at="2025-09-23T18:59:35 IST" name="AddSingleProducttocart" finished-at="2025-09-23T18:59:41 IST" duration-ms="5944" status="PASS">
          <reporter-output>
          </reporter-output>
        </test-method> <!-- AddSingleProducttocart -->
        <test-method is-config="true" signature="getUrl()[pri:0, instance:PageObjectTest.DemoBlazeTestNG@7b02881e]" started-at="2025-09-23T18:59:41 IST" name="getUrl" finished-at="2025-09-23T18:59:41 IST" duration-ms="119" status="PASS">
          <reporter-output>
          </reporter-output>
        </test-method> <!-- getUrl -->
        <test-method signature="RemoveProductFromCart()[pri:8, instance:PageObjectTest.DemoBlazeTestNG@7b02881e]" started-at="2025-09-23T18:59:41 IST" name="RemoveProductFromCart" finished-at="2025-09-23T18:59:43 IST" duration-ms="1761" status="PASS">
          <reporter-output>
          </reporter-output>
        </test-method> <!-- RemoveProductFromCart -->
        <test-method is-config="true" signature="getUrl()[pri:0, instance:PageObjectTest.DemoBlazeTestNG@7b02881e]" started-at="2025-09-23T18:59:43 IST" name="getUrl" finished-at="2025-09-23T18:59:43 IST" duration-ms="346" status="PASS">
          <reporter-output>
          </reporter-output>
        </test-method> <!-- getUrl -->
        <test-method signature="AddMultipleProdToCart()[pri:9, instance:PageObjectTest.DemoBlazeTestNG@7b02881e]" started-at="2025-09-23T18:59:43 IST" name="AddMultipleProdToCart" finished-at="2025-09-23T18:59:48 IST" duration-ms="5074" status="PASS">
          <reporter-output>
          </reporter-output>
        </test-method> <!-- AddMultipleProdToCart -->
        <test-method is-config="true" signature="getUrl()[pri:0, instance:PageObjectTest.DemoBlazeTestNG@7b02881e]" started-at="2025-09-23T18:59:48 IST" name="getUrl" finished-at="2025-09-23T18:59:49 IST" duration-ms="382" status="PASS">
          <reporter-output>
          </reporter-output>
        </test-method> <!-- getUrl -->
        <test-method signature="PlaceOrderWithValidDetails()[pri:10, instance:PageObjectTest.DemoBlazeTestNG@7b02881e]" started-at="2025-09-23T18:59:49 IST" name="PlaceOrderWithValidDetails" finished-at="2025-09-23T19:00:00 IST" duration-ms="11130" status="PASS">
          <reporter-output>
          </reporter-output>
        </test-method> <!-- PlaceOrderWithValidDetails -->
        <test-method is-config="true" signature="getUrl()[pri:0, instance:PageObjectTest.DemoBlazeTestNG@7b02881e]" started-at="2025-09-23T19:00:00 IST" name="getUrl" finished-at="2025-09-23T19:00:00 IST" duration-ms="398" status="PASS">
          <reporter-output>
          </reporter-output>
        </test-method> <!-- getUrl -->
        <test-method signature="BrowseProductCatalog()[pri:11, instance:PageObjectTest.DemoBlazeTestNG@7b02881e]" started-at="2025-09-23T19:00:00 IST" name="BrowseProductCatalog" finished-at="2025-09-23T19:00:03 IST" duration-ms="2928" status="PASS">
          <reporter-output>
          </reporter-output>
        </test-method> <!-- BrowseProductCatalog -->
        <test-method is-config="true" signature="getUrl()[pri:0, instance:PageObjectTest.DemoBlazeTestNG@7b02881e]" started-at="2025-09-23T19:00:03 IST" name="getUrl" finished-at="2025-09-23T19:00:03 IST" duration-ms="103" status="PASS">
          <reporter-output>
          </reporter-output>
        </test-method> <!-- getUrl -->
        <test-method signature="navigationTest()[pri:12, instance:PageObjectTest.DemoBlazeTestNG@7b02881e]" started-at="2025-09-23T19:00:03 IST" name="navigationTest" finished-at="2025-09-23T19:00:08 IST" duration-ms="4607" status="PASS">
          <reporter-output>
          </reporter-output>
        </test-method> <!-- navigationTest -->
        <test-method is-config="true" signature="closeBrowser()[pri:0, instance:PageObjectTest.DemoBlazeTestNG@7b02881e]" started-at="2025-09-23T19:00:08 IST" name="closeBrowser" finished-at="2025-09-23T19:00:08 IST" duration-ms="310" status="PASS">
          <reporter-output>
          </reporter-output>
        </test-method> <!-- closeBrowser -->
      </class> <!-- PageObjectTest.DemoBlazeTestNG -->
    </test> <!-- MaximizeView -->
  </suite> <!-- DemoBlazeSuite -->
</testng-results>
